<?xml version="1.0" encoding="UTF-8"?>
<testng-results skipped="0" failed="0" ignored="0" total="2" passed="2">
  <reporter-output>
  </reporter-output>
  <suite name="Default suite" duration-ms="121" started-at="2019-10-09T07:28:59Z" finished-at="2019-10-09T07:28:59Z">
    <groups>
    </groups>
    <test name="Default test" duration-ms="121" started-at="2019-10-09T07:28:59Z" finished-at="2019-10-09T07:28:59Z">
      <class name="testcase.TestCaseFile">
        <test-method status="PASS" signature="testcase1()[pri:0, instance:testcase.TestCaseFile@51565ec2]" name="testcase1" duration-ms="29" started-at="2019-10-09T07:28:59Z" finished-at="2019-10-09T07:28:59Z">
          <reporter-output>
          </reporter-output>
        </test-method> <!-- testcase1 -->
        <test-method status="PASS" signature="testcase2()[pri:0, instance:testcase.TestCaseFile@51565ec2]" name="testcase2" duration-ms="3" started-at="2019-10-09T07:28:59Z" finished-at="2019-10-09T07:28:59Z">
          <reporter-output>
          </reporter-output>
        </test-method> <!-- testcase2 -->
      </class> <!-- testcase.TestCaseFile -->
    </test> <!-- Default test -->
  </suite> <!-- Default suite -->
</testng-results>
